<?xml version="1.0" encoding="UTF-8"?>
<!-- Generated by org.testng.reporters.JUnitReportReporter -->
<testsuite hostname="adminpc-HP-ProDesk-600-G1-SFF" failures="0" tests="1" name="ReadExcelData.DataTestng.DataProviderWithExcel_005" time="2.703" errors="0" timestamp="02 Jul 2019 07:14:28 GMT" skipped="0">
  <testcase classname="ReadExcelData.DataTestng.DataProviderWithExcel_005" name="f" time="2.703"/>
</testsuite> <!-- ReadExcelData.DataTestng.DataProviderWithExcel_005 -->
